<?xml version="1.0" encoding="UTF-8"?>
<!-- Generated by org.testng.reporters.JUnitReportReporter -->
<testsuite hostname="DESKTOP-9OOOF17" failures="0" tests="2" name="tests.loginPage" time="120.749" errors="0" timestamp="2022-12-08T18:29:48 IST" skipped="0">
  <testcase classname="tests.loginPage" name="validateLoginTittle" time="5.478"/>
  <system-out/>
  <testcase classname="tests.loginPage" name="validateAllLinksTittle" time="115.271"/>
  <system-out/>
</testsuite> <!-- tests.loginPage -->
