<?xml version="1.0" encoding="UTF-8"?>
<!-- Generated by org.testng.reporters.JUnitReportReporter -->
<testsuite hostname="DESKTOP-9OOOF17" failures="0" tests="2" name="tests.loginPage" time="77.170" errors="0" timestamp="2022-12-06T10:37:40 IST" skipped="0">
  <testcase classname="tests.loginPage" name="validateLoginTittle" time="0.222"/>
  <system-out/>
  <testcase classname="tests.loginPage" name="validateAllLinksTittle" time="76.948"/>
  <system-out/>
</testsuite> <!-- tests.loginPage -->
