<?xml version="1.0" encoding="UTF-8"?>
<!-- Generated by org.testng.reporters.JUnitReportReporter -->
<testsuite hostname="DESKTOP-9OOOF17" failures="0" tests="1" name="tests.homePage" time="3.978" errors="0" timestamp="2022-12-06T10:37:40 IST" skipped="0">
  <testcase classname="tests.homePage" name="validateMenuList" time="3.978"/>
  <system-out/>
</testsuite> <!-- tests.homePage -->
