<?xml version="1.0" encoding="UTF-8"?>
<!-- Generated by org.testng.reporters.JUnitReportReporter -->
<testsuite hostname="DESKTOP-9OOOF17" failures="0" tests="1" name="tests.AMSlogin" time="26.511" errors="0" timestamp="2022-12-06T11:42:03 IST" skipped="0">
  <testcase classname="tests.AMSlogin" name="login" time="26.511"/>
  <system-out/>
</testsuite> <!-- tests.AMSlogin -->
