<?xml version="1.0" encoding="UTF-8"?>
<!-- Generated by org.testng.reporters.JUnitReportReporter -->
<testsuite hostname="DESKTOP-9OOOF17" failures="0" tests="2" name="tests.ForgotPassword" time="6.208" errors="0" timestamp="2022-12-05T19:09:23 IST" skipped="0">
  <testcase classname="tests.ForgotPassword" name="validateForgotPasswordText" time="0.100"/>
  <system-out/>
  <testcase classname="tests.ForgotPassword" name="validateForgotPasswordLink" time="6.108"/>
  <system-out/>
</testsuite> <!-- tests.ForgotPassword -->
