<?xml version="1.0" encoding="UTF-8"?>
<!-- Generated by org.testng.reporters.JUnitReportReporter -->
<testsuite hostname="DESKTOP-9OOOF17" failures="0" tests="3" name="tests.adminTest" time="17.613" errors="0" timestamp="2022-12-08T21:00:03 IST" skipped="1">
  <testcase classname="tests.adminTest" name="validateHeader" time="6.702"/>
  <system-out/>
  <testcase classname="tests.adminTest" name="validateSearchFilterByuserRole" time="10.911"/>
  <system-out/>
  <testcase classname="tests.adminTest" name="validateSearchFilterByEmpName">
    <skipped/>
  </testcase> <!-- validateSearchFilterByEmpName -->
  <system-out/>
</testsuite> <!-- tests.adminTest -->
