<?xml version="1.0" encoding="UTF-8"?>
<!-- Generated by org.testng.reporters.JUnitReportReporter -->
<testsuite hostname="DESKTOP-9OOOF17" failures="0" tests="2" name="tests.ForgotPassword" time="6.224" errors="0" timestamp="2022-12-06T10:37:40 IST" skipped="0">
  <testcase classname="tests.ForgotPassword" name="validateForgotPasswordText" time="0.931"/>
  <system-out/>
  <testcase classname="tests.ForgotPassword" name="validateForgotPasswordLink" time="5.293"/>
  <system-out/>
</testsuite> <!-- tests.ForgotPassword -->
