<?xml version="1.0" encoding="UTF-8"?>
<!-- Generated by org.testng.reporters.JUnitReportReporter -->
<testsuite hostname="DESKTOP-9OOOF17" failures="0" tests="1" name="tests.homePage" time="0.811" errors="0" timestamp="2022-12-05T19:09:23 IST" skipped="0">
  <testcase classname="tests.homePage" name="validateMenuList" time="0.811"/>
  <system-out/>
</testsuite> <!-- tests.homePage -->
