<?xml version="1.0" encoding="UTF-8"?>
<!-- Generated by org.testng.reporters.JUnitReportReporter -->
<testsuite hostname="DESKTOP-9OOOF17" failures="0" tests="2" name="tests.loginPage" time="2.108" errors="0" timestamp="2022-12-05T19:09:23 IST" skipped="1">
  <testcase classname="tests.loginPage" name="validateLoginTittle" time="2.108"/>
  <system-out/>
  <testcase classname="tests.loginPage" name="validateAllLinksTittle">
    <skipped/>
  </testcase> <!-- validateAllLinksTittle -->
  <system-out/>
</testsuite> <!-- tests.loginPage -->
