<?xml version="1.0" encoding="UTF-8"?>
<!-- Generated by org.testng.reporters.JUnitReportReporter -->
<testsuite hostname="DESKTOP-9OOOF17" failures="0" tests="2" name="tests.ForgotPassword" time="15.429" errors="0" timestamp="2022-12-04T17:33:18 IST" skipped="0">
  <testcase classname="tests.ForgotPassword" name="validateForgotPasswordText" time="0.301"/>
  <system-out/>
  <testcase classname="tests.ForgotPassword" name="validateForgotPasswordLink" time="15.128"/>
  <system-out/>
</testsuite> <!-- tests.ForgotPassword -->
