<?xml version="1.0" encoding="UTF-8"?>
<!-- Generated by org.testng.reporters.JUnitReportReporter -->
<testsuite hostname="DESKTOP-9OOOF17" failures="0" tests="4" name="tests.loginPage" time="94.119" errors="0" timestamp="2022-12-01T14:35:29 IST" skipped="0">
  <testcase classname="tests.loginPage" name="validateLoginTittle" time="2.547"/>
  <system-out/>
  <testcase classname="tests.loginPage" name="validatefogotpassword" time="0.072"/>
  <system-out/>
  <testcase classname="tests.loginPage" name="validateAllLinksTittle" time="68.629"/>
  <system-out/>
  <testcase classname="tests.loginPage" name="validateLogin" time="22.871"/>
  <system-out/>
</testsuite> <!-- tests.loginPage -->
