<?xml version="1.0" encoding="UTF-8"?>
<!-- Generated by org.testng.reporters.JUnitReportReporter -->
<testsuite hostname="DESKTOP-9OOOF17" failures="0" tests="2" name="tests.ForgotPassword" time="6.185" errors="0" timestamp="2022-12-08T18:29:48 IST" skipped="0">
  <testcase classname="tests.ForgotPassword" name="validateForgotPasswordText" time="1.730"/>
  <system-out/>
  <testcase classname="tests.ForgotPassword" name="validateForgotPasswordLink" time="4.455"/>
  <system-out/>
</testsuite> <!-- tests.ForgotPassword -->
