<?xml version="1.0" encoding="UTF-8"?>
<!-- Generated by org.testng.reporters.JUnitReportReporter -->
<testsuite hostname="DESKTOP-9OOOF17" failures="0" tests="3" name="tests.loginPage" time="227.190" errors="0" timestamp="2022-12-02T21:32:29 IST" skipped="0">
  <testcase classname="tests.loginPage" name="validateLoginTittle" time="1.699"/>
  <system-out/>
  <testcase classname="tests.loginPage" name="validateAllLinksTittle" time="176.241"/>
  <system-out/>
  <testcase classname="tests.loginPage" name="validateLogin" time="49.250"/>
  <system-out/>
</testsuite> <!-- tests.loginPage -->
