<?xml version="1.0" encoding="UTF-8"?>
<!-- Generated by org.testng.reporters.JUnitReportReporter -->
<testsuite hostname="DESKTOP-9OOOF17" failures="0" tests="1" name="tests.homePage" time="3.621" errors="0" timestamp="2022-12-08T18:29:48 IST" skipped="0">
  <testcase classname="tests.homePage" name="validateMenuList" time="3.621"/>
  <system-out/>
</testsuite> <!-- tests.homePage -->
